<?xml version="1.0" encoding="UTF-8"?>
<!-- Generated by org.testng.reporters.JUnitReportReporter -->
<testsuite skipped="0" hostname="LAPTOP-9QGTONUS" name="Assignments.AssignmentTest1" tests="1" failures="0" timestamp="2021-07-30T22:50:08 IST" time="13.687" errors="0">
  <testcase name="assignement1" time="13.687" classname="Assignments.AssignmentTest1"/>
</testsuite> <!-- Assignments.AssignmentTest1 -->
